[INFO   ] Logger: Record log in /Users/m-takeuchi/research/kyoto-u/exp_data/ILIS/ILIS_program_t-i/ilislife/logs/darwin_kivy_16-07-21_3.txt
[INFO   ] Factory: 193 symbols loaded
[DEBUG  ] Cache: register <kv.image> with limit=None, timeout=60
[DEBUG  ] Cache: register <kv.atlas> with limit=None, timeout=None
[INFO   ] Image: Providers: img_tex, img_imageio, img_dds, img_gif, img_sdl2, img_pil (img_ffpyplayer ignored)
[DEBUG  ] Cache: register <kv.texture> with limit=1000, timeout=60
[DEBUG  ] Cache: register <kv.shader> with limit=1000, timeout=3600
[DEBUG  ] Cache: register <kv.lang> with limit=None, timeout=None
[INFO   ] Text: Provider: sdl2
[DEBUG  ] Cache: register <textinput.label> with limit=None, timeout=60.0
[DEBUG  ] Cache: register <textinput.width> with limit=None, timeout=60.0
[DEBUG  ] App: Loading kv <./ilislife.kv>
[INFO   ] OSC: using <multiprocessing> for socket
[INFO   ] Window: Provider: sdl2
[INFO   ] GL: OpenGL version <b'2.1 INTEL-10.14.66'>
[INFO   ] GL: OpenGL vendor <b'Intel Inc.'>
[INFO   ] GL: OpenGL renderer <b'Intel Iris OpenGL Engine'>
[INFO   ] GL: OpenGL parsed version: 2, 1
[INFO   ] GL: Shading version <b'1.20'>
[INFO   ] GL: Texture max size <16384>
[INFO   ] GL: Texture max units <16>
[DEBUG  ] Shader: Fragment compiled successfully
[DEBUG  ] Shader: Vertex compiled successfully
[DEBUG  ] ImageImageIO: Load </Users/m-takeuchi/.pyenv/versions/3.4.3/lib/python3.4/site-packages/kivy/data/glsl/default.png>
[INFO   ] Window: auto add sdl2 input provider
[INFO   ] Window: virtual keyboard not allowed, single mode, not docked
[DEBUG  ] Resource: add </Library/Fonts> in path list
[DEBUG  ] Resource: add </Library/Fonts/Microsoft> in path list
[DEBUG  ] Resource: add </System/Library/Fonts> in path list
[DEBUG  ] Resource: add </Users/m-takeuchi/Library/Fonts> in path list
[DEBUG  ] Resource: add </Users/m-takeuchi/.pyenv/versions/3.4.3/lib/python3.4/site-packages/kivy/data/fonts> in path list
[WARNING] stderr: Traceback (most recent call last):
[WARNING] stderr:   File "/Users/m-takeuchi/.pyenv/versions/3.4.3/lib/python3.4/site-packages/kivy/lang/builder.py", line 249, in create_handler
[WARNING] stderr:     return eval(value, idmap), bound_list
[WARNING] stderr:   File "./ilislife.kv", line 38, in <module>
[WARNING] stderr:     text: root.format_seq(root.seq_now)
[WARNING] stderr:   File "main.py", line 297, in format_seq
[WARNING] stderr:     output = str(cur_seq)+' [sub]th[/sub]   '+str(self.seq[cur_seq][0])+' [sub]V[/sub]  '+str(rself.seq[curr_seq][1])+' [sub]s[/sub]'
[WARNING] stderr: NameError: name 'rself' is not defined
[WARNING] stderr: 
[WARNING] stderr: During handling of the above exception, another exception occurred:
[WARNING] stderr: 
[WARNING] stderr: Traceback (most recent call last):
[WARNING] stderr:   File "/Users/m-takeuchi/.pyenv/versions/3.4.3/lib/python3.4/site-packages/kivy/lang/builder.py", line 595, in _apply_rule
[WARNING] stderr:     rctx['ids'])
[WARNING] stderr:   File "/Users/m-takeuchi/.pyenv/versions/3.4.3/lib/python3.4/site-packages/kivy/lang/builder.py", line 254, in create_handler
[WARNING] stderr:     cause=tb)
[WARNING] stderr: kivy.lang.builder.BuilderException: Parser: File "./ilislife.kv", line 38:
[WARNING] stderr: ...
[WARNING] stderr:      36:                    markup: True
[WARNING] stderr:      37:                Label:
[WARNING] stderr: >>   38:                    text: root.format_seq(root.seq_now)
[WARNING] stderr:      39:                    # size_hint_y: 0.2
[WARNING] stderr:      40:                    markup: True
[WARNING] stderr: ...
[WARNING] stderr: NameError: name 'rself' is not defined
[WARNING] stderr:   File "/Users/m-takeuchi/.pyenv/versions/3.4.3/lib/python3.4/site-packages/kivy/lang/builder.py", line 249, in create_handler
[WARNING] stderr:     return eval(value, idmap), bound_list
[WARNING] stderr:   File "./ilislife.kv", line 38, in <module>
[WARNING] stderr:     text: root.format_seq(root.seq_now)
[WARNING] stderr:   File "main.py", line 297, in format_seq
[WARNING] stderr:     output = str(cur_seq)+' [sub]th[/sub]   '+str(self.seq[cur_seq][0])+' [sub]V[/sub]  '+str(rself.seq[curr_seq][1])+' [sub]s[/sub]'
[WARNING] stderr: 
[WARNING] stderr: 
[WARNING] stderr: During handling of the above exception, another exception occurred:
[WARNING] stderr: 
[WARNING] stderr: Traceback (most recent call last):
[WARNING] stderr:   File "main.py", line 571, in <module>
[WARNING] stderr:     IlislifeApp().run()
[WARNING] stderr:   File "/Users/m-takeuchi/.pyenv/versions/3.4.3/lib/python3.4/site-packages/kivy/app.py", line 801, in run
[WARNING] stderr:     self.load_kv(filename=self.kv_file)
[WARNING] stderr:   File "/Users/m-takeuchi/.pyenv/versions/3.4.3/lib/python3.4/site-packages/kivy/app.py", line 598, in load_kv
[WARNING] stderr:     root = Builder.load_file(rfilename)
[WARNING] stderr:   File "/Users/m-takeuchi/.pyenv/versions/3.4.3/lib/python3.4/site-packages/kivy/lang/builder.py", line 301, in load_file
[WARNING] stderr:     return self.load_string(data, **kwargs)
[WARNING] stderr:   File "/Users/m-takeuchi/.pyenv/versions/3.4.3/lib/python3.4/site-packages/kivy/lang/builder.py", line 379, in load_string
[WARNING] stderr:     widget = Factory.get(parser.root.name)()
[WARNING] stderr:   File "main.py", line 79, in __init__
[WARNING] stderr:     super().__init__(**kwargs)
[WARNING] stderr:   File "/Users/m-takeuchi/.pyenv/versions/3.4.3/lib/python3.4/site-packages/kivy/uix/boxlayout.py", line 132, in __init__
[WARNING] stderr:     super(BoxLayout, self).__init__(**kwargs)
[WARNING] stderr:   File "/Users/m-takeuchi/.pyenv/versions/3.4.3/lib/python3.4/site-packages/kivy/uix/layout.py", line 75, in __init__
[WARNING] stderr:     super(Layout, self).__init__(**kwargs)
[WARNING] stderr:   File "/Users/m-takeuchi/.pyenv/versions/3.4.3/lib/python3.4/site-packages/kivy/uix/widget.py", line 345, in __init__
[WARNING] stderr:     Builder.apply(self, ignored_consts=self._kwargs_applied_init)
[WARNING] stderr:   File "/Users/m-takeuchi/.pyenv/versions/3.4.3/lib/python3.4/site-packages/kivy/lang/builder.py", line 449, in apply
[WARNING] stderr:     self._apply_rule(widget, rule, rule, ignored_consts=ignored_consts)
[WARNING] stderr:   File "/Users/m-takeuchi/.pyenv/versions/3.4.3/lib/python3.4/site-packages/kivy/lang/builder.py", line 610, in _apply_rule
[WARNING] stderr:     e), cause=tb)
[WARNING] stderr: kivy.lang.builder.BuilderException: Parser: File "./ilislife.kv", line 38:
[WARNING] stderr: ...
[WARNING] stderr:      36:                    markup: True
[WARNING] stderr:      37:                Label:
[WARNING] stderr: >>   38:                    text: root.format_seq(root.seq_now)
[WARNING] stderr:      39:                    # size_hint_y: 0.2
[WARNING] stderr:      40:                    markup: True
[WARNING] stderr: ...
[WARNING] stderr: BuilderException: Parser: File "./ilislife.kv", line 38:
[WARNING] stderr: ...
[WARNING] stderr:      36:                    markup: True
[WARNING] stderr:      37:                Label:
[WARNING] stderr: >>   38:                    text: root.format_seq(root.seq_now)
[WARNING] stderr:      39:                    # size_hint_y: 0.2
[WARNING] stderr:      40:                    markup: True
[WARNING] stderr: ...
[WARNING] stderr: NameError: name 'rself' is not defined
[WARNING] stderr:   File "/Users/m-takeuchi/.pyenv/versions/3.4.3/lib/python3.4/site-packages/kivy/lang/builder.py", line 249, in create_handler
[WARNING] stderr:     return eval(value, idmap), bound_list
[WARNING] stderr:   File "./ilislife.kv", line 38, in <module>
[WARNING] stderr:     text: root.format_seq(root.seq_now)
[WARNING] stderr:   File "main.py", line 297, in format_seq
[WARNING] stderr:     output = str(cur_seq)+' [sub]th[/sub]   '+str(self.seq[cur_seq][0])+' [sub]V[/sub]  '+str(rself.seq[curr_seq][1])+' [sub]s[/sub]'
[WARNING] stderr: 
[WARNING] stderr:   File "/Users/m-takeuchi/.pyenv/versions/3.4.3/lib/python3.4/site-packages/kivy/lang/builder.py", line 595, in _apply_rule
[WARNING] stderr:     rctx['ids'])
[WARNING] stderr:   File "/Users/m-takeuchi/.pyenv/versions/3.4.3/lib/python3.4/site-packages/kivy/lang/builder.py", line 254, in create_handler
[WARNING] stderr:     cause=tb)
[WARNING] stderr: 
